<?xml version="1.0" encoding="UTF-8"?>
<!-- Generated by org.testng.reporters.JUnitReportReporter -->
<testsuite skipped="0" hostname="DESKTOP-S2OPTP4" name="com.vtechsolution.orangehrm.test_cases.Login_TC01" tests="3" failures="0" timestamp="2022-09-24T19:56:12 IST" time="230.066" errors="0">
  <testcase name="verifyOrangeHrmLogoTC_02" time="55.651" classname="com.vtechsolution.orangehrm.test_cases.Login_TC01"/>
  <system-out/>
  <testcase name="VerifyOrangeHrmPageTitleTC_03" time="115.534" classname="com.vtechsolution.orangehrm.test_cases.Login_TC01"/>
  <system-out/>
  <testcase name="verifyloginTestTC_01" time="58.881" classname="com.vtechsolution.orangehrm.test_cases.Login_TC01"/>
  <system-out/>
</testsuite> <!-- com.vtechsolution.orangehrm.test_cases.Login_TC01 -->
