<?xml version="1.0" encoding="UTF-8"?>
<!-- Generated by org.testng.reporters.JUnitReportReporter -->
<testsuite hostname="DESKTOP-S2OPTP4" failures="0" tests="1" name="com.vtechsolution.orangehrm.test_cases.Login_TC02" time="33.258" errors="0" timestamp="2022-09-03T23:29:01 IST" skipped="0">
  <testcase classname="com.vtechsolution.orangehrm.test_cases.Login_TC02" name="verifyloginTestTC_01" time="33.258"/>
  <system-out/>
</testsuite> <!-- com.vtechsolution.orangehrm.test_cases.Login_TC02 -->
